Performing C++ SOURCE FILE Test HAVE_TEUCHOS_LAPACKLARND failed with the following output:
Change Dir: /home/nsingh/Utility/Dakota/build/CMakeFiles/CMakeTmp

Run Build Command:"/usr/bin/gmake" "cmTC_ffa4e/fast"
/usr/bin/gmake -f CMakeFiles/cmTC_ffa4e.dir/build.make CMakeFiles/cmTC_ffa4e.dir/build
gmake[1]: Entering directory `/home/nsingh/Utility/Dakota/build/CMakeFiles/CMakeTmp'
Building CXX object CMakeFiles/cmTC_ffa4e.dir/src.cxx.o
/cm/shared/apps/gcc/4.8.1/bin/g++    -std=c++11 -DHAVE_TEUCHOS_LAPACKLARND -O3 -DNDEBUG   -o CMakeFiles/cmTC_ffa4e.dir/src.cxx.o -c /home/nsingh/Utility/Dakota/build/CMakeFiles/CMakeTmp/src.cxx
/home/nsingh/Utility/Dakota/build/CMakeFiles/CMakeTmp/src.cxx: In function ‘int main()’:
/home/nsingh/Utility/Dakota/build/CMakeFiles/CMakeTmp/src.cxx:12:38: warning: narrowing conversion of ‘0.0’ from ‘double’ to ‘int’ inside { } [-Wnarrowing]
   int seed[4] = { 0.0, 0.0, 0.0, 1.0 };
                                      ^
/home/nsingh/Utility/Dakota/build/CMakeFiles/CMakeTmp/src.cxx:12:38: warning: narrowing conversion of ‘0.0’ from ‘double’ to ‘int’ inside { } [-Wnarrowing]
/home/nsingh/Utility/Dakota/build/CMakeFiles/CMakeTmp/src.cxx:12:38: warning: narrowing conversion of ‘0.0’ from ‘double’ to ‘int’ inside { } [-Wnarrowing]
/home/nsingh/Utility/Dakota/build/CMakeFiles/CMakeTmp/src.cxx:12:38: warning: narrowing conversion of ‘1.0e+0’ from ‘double’ to ‘int’ inside { } [-Wnarrowing]
Linking CXX executable cmTC_ffa4e
/home/nsingh/OpenFOAM/ThirdParty-5.0/platforms/linux64Gcc/cmake-3.9.0/bin/cmake -E cmake_link_script CMakeFiles/cmTC_ffa4e.dir/link.txt --verbose=1
/cm/shared/apps/gcc/4.8.1/bin/g++   -std=c++11 -DHAVE_TEUCHOS_LAPACKLARND -O3 -DNDEBUG    -rdynamic CMakeFiles/cmTC_ffa4e.dir/src.cxx.o  -o cmTC_ffa4e -Wl,-rpath,/home/nsingh/Utility/lapack2/build2/lib /home/nsingh/Utility/lapack2/build2/lib/liblapack.so 
CMakeFiles/cmTC_ffa4e.dir/src.cxx.o: In function `main':
src.cxx:(.text.startup+0x22): undefined reference to `dlarnd_'
collect2: error: ld returned 1 exit status
gmake[1]: *** [cmTC_ffa4e] Error 1
gmake[1]: Leaving directory `/home/nsingh/Utility/Dakota/build/CMakeFiles/CMakeTmp'
gmake: *** [cmTC_ffa4e/fast] Error 2

Return value: 1
Source file was:

#define F77_BLAS_MANGLE(name,NAME) name ## _

#define DLARND_F77   F77_BLAS_MANGLE(dlarnd,DLARND)

extern "C" { double DLARND_F77(const int* idist, int* seed); }

int main()
{

  const int idist = 1;
  int seed[4] = { 0.0, 0.0, 0.0, 1.0 };

  double val = DLARND_F77(&idist, seed);

  return (val < 0.0 ? 1 : 0);

}
  
Performing C++ SOURCE FILE Test HAVE_CXX_PRAGMA_WEAK failed with the following output:
Change Dir: /home/nsingh/Utility/Dakota/build/CMakeFiles/CMakeTmp

Run Build Command:"/usr/bin/gmake" "cmTC_f8963/fast"
/usr/bin/gmake -f CMakeFiles/cmTC_f8963.dir/build.make CMakeFiles/cmTC_f8963.dir/build
gmake[1]: Entering directory `/home/nsingh/Utility/Dakota/build/CMakeFiles/CMakeTmp'
Building CXX object CMakeFiles/cmTC_f8963.dir/src.cxx.o
/cm/shared/apps/gcc/4.8.1/bin/g++    -std=c++11 -DHAVE_CXX_PRAGMA_WEAK -O3 -DNDEBUG   -o CMakeFiles/cmTC_f8963.dir/src.cxx.o -c /home/nsingh/Utility/Dakota/build/CMakeFiles/CMakeTmp/src.cxx
Linking CXX executable cmTC_f8963
/home/nsingh/OpenFOAM/ThirdParty-5.0/platforms/linux64Gcc/cmake-3.9.0/bin/cmake -E cmake_link_script CMakeFiles/cmTC_f8963.dir/link.txt --verbose=1
/cm/shared/apps/gcc/4.8.1/bin/g++   -std=c++11 -DHAVE_CXX_PRAGMA_WEAK -O3 -DNDEBUG    -rdynamic CMakeFiles/cmTC_f8963.dir/src.cxx.o  -o cmTC_f8963 
CMakeFiles/cmTC_f8963.dir/src.cxx.o: In function `main':
src.cxx:(.text.startup+0x1c): undefined reference to `A::theFunction()'
collect2: error: ld returned 1 exit status
gmake[1]: *** [cmTC_f8963] Error 1
gmake[1]: Leaving directory `/home/nsingh/Utility/Dakota/build/CMakeFiles/CMakeTmp'
gmake: *** [cmTC_f8963/fast] Error 2

Source file was:

#include <iostream>

namespace A {
// theFunction never gets defined, because we
// don't link with a library that defines it.
// That's OK, because it's weak linkage.
#pragma weak theFunction
extern void theFunction ();
}

int main() {
  std::cout << "Hi!  I am main." << std::endl;
  if (A::theFunction != NULL) {
    // Should never be called, since we don't link
    // with a library that defines A::theFunction.
    A::theFunction ();
  }
  return 0;
}
  
Determining if the pthread_create exist failed with the following output:
Change Dir: /home/nsingh/Utility/Dakota/build/CMakeFiles/CMakeTmp

Run Build Command:"/usr/bin/gmake" "cmTC_aefcb/fast"
/usr/bin/gmake -f CMakeFiles/cmTC_aefcb.dir/build.make CMakeFiles/cmTC_aefcb.dir/build
gmake[1]: Entering directory `/home/nsingh/Utility/Dakota/build/CMakeFiles/CMakeTmp'
Building C object CMakeFiles/cmTC_aefcb.dir/CheckSymbolExists.c.o
/cm/shared/apps/gcc/4.8.1/bin/gcc   -O3 -DNDEBUG   -o CMakeFiles/cmTC_aefcb.dir/CheckSymbolExists.c.o   -c /home/nsingh/Utility/Dakota/build/CMakeFiles/CMakeTmp/CheckSymbolExists.c
Linking C executable cmTC_aefcb
/home/nsingh/OpenFOAM/ThirdParty-5.0/platforms/linux64Gcc/cmake-3.9.0/bin/cmake -E cmake_link_script CMakeFiles/cmTC_aefcb.dir/link.txt --verbose=1
/cm/shared/apps/gcc/4.8.1/bin/gcc   -O3 -DNDEBUG    -rdynamic CMakeFiles/cmTC_aefcb.dir/CheckSymbolExists.c.o  -o cmTC_aefcb 
CMakeFiles/cmTC_aefcb.dir/CheckSymbolExists.c.o: In function `main':
CheckSymbolExists.c:(.text.startup+0x6): undefined reference to `pthread_create'
collect2: error: ld returned 1 exit status
gmake[1]: *** [cmTC_aefcb] Error 1
gmake[1]: Leaving directory `/home/nsingh/Utility/Dakota/build/CMakeFiles/CMakeTmp'
gmake: *** [cmTC_aefcb/fast] Error 2

File /home/nsingh/Utility/Dakota/build/CMakeFiles/CMakeTmp/CheckSymbolExists.c:
/* */
#include <pthread.h>

int main(int argc, char** argv)
{
  (void)argv;
#ifndef pthread_create
  return ((int*)(&pthread_create))[argc];
#else
  (void)argc;
  return 0;
#endif
}

Determining if the function pthread_create exists in the pthreads failed with the following output:
Change Dir: /home/nsingh/Utility/Dakota/build/CMakeFiles/CMakeTmp

Run Build Command:"/usr/bin/gmake" "cmTC_7f486/fast"
/usr/bin/gmake -f CMakeFiles/cmTC_7f486.dir/build.make CMakeFiles/cmTC_7f486.dir/build
gmake[1]: Entering directory `/home/nsingh/Utility/Dakota/build/CMakeFiles/CMakeTmp'
Building C object CMakeFiles/cmTC_7f486.dir/CheckFunctionExists.c.o
/cm/shared/apps/gcc/4.8.1/bin/gcc   -DCHECK_FUNCTION_EXISTS=pthread_create -O3 -DNDEBUG   -o CMakeFiles/cmTC_7f486.dir/CheckFunctionExists.c.o   -c /home/nsingh/OpenFOAM/ThirdParty-5.0/platforms/linux64Gcc/cmake-3.9.0/share/cmake-3.9/Modules/CheckFunctionExists.c
Linking C executable cmTC_7f486
/home/nsingh/OpenFOAM/ThirdParty-5.0/platforms/linux64Gcc/cmake-3.9.0/bin/cmake -E cmake_link_script CMakeFiles/cmTC_7f486.dir/link.txt --verbose=1
/cm/shared/apps/gcc/4.8.1/bin/gcc  -DCHECK_FUNCTION_EXISTS=pthread_create -O3 -DNDEBUG    -rdynamic CMakeFiles/cmTC_7f486.dir/CheckFunctionExists.c.o  -o cmTC_7f486 -lpthreads 
/usr/bin/ld: cannot find -lpthreads
collect2: error: ld returned 1 exit status
gmake[1]: *** [cmTC_7f486] Error 1
gmake[1]: Leaving directory `/home/nsingh/Utility/Dakota/build/CMakeFiles/CMakeTmp'
gmake: *** [cmTC_7f486/fast] Error 2


Determining if files cxxabi.h exist failed with the following output:
Change Dir: /home/nsingh/Utility/Dakota/build/CMakeFiles/CMakeTmp

Run Build Command:"/usr/bin/gmake" "cmTC_886fe/fast"
/usr/bin/gmake -f CMakeFiles/cmTC_886fe.dir/build.make CMakeFiles/cmTC_886fe.dir/build
gmake[1]: Entering directory `/home/nsingh/Utility/Dakota/build/CMakeFiles/CMakeTmp'
Building C object CMakeFiles/cmTC_886fe.dir/CheckIncludeFiles.c.o
/cm/shared/apps/gcc/4.8.1/bin/gcc   -O3 -DNDEBUG   -o CMakeFiles/cmTC_886fe.dir/CheckIncludeFiles.c.o   -c /home/nsingh/Utility/Dakota/build/CMakeFiles/CMakeTmp/CheckIncludeFiles.c
/home/nsingh/Utility/Dakota/build/CMakeFiles/CMakeTmp/CheckIncludeFiles.c:2:20: fatal error: cxxabi.h: No such file or directory
 #include <cxxabi.h>
                    ^
compilation terminated.
gmake[1]: *** [CMakeFiles/cmTC_886fe.dir/CheckIncludeFiles.c.o] Error 1
gmake[1]: Leaving directory `/home/nsingh/Utility/Dakota/build/CMakeFiles/CMakeTmp'
gmake: *** [cmTC_886fe/fast] Error 2

Source:
/* */
#include <cxxabi.h>


int main(void){return 0;}

Determining if files windows.h;dbghelp.h exist failed with the following output:
Change Dir: /home/nsingh/Utility/Dakota/build/CMakeFiles/CMakeTmp

Run Build Command:"/usr/bin/gmake" "cmTC_63f62/fast"
/usr/bin/gmake -f CMakeFiles/cmTC_63f62.dir/build.make CMakeFiles/cmTC_63f62.dir/build
gmake[1]: Entering directory `/home/nsingh/Utility/Dakota/build/CMakeFiles/CMakeTmp'
Building C object CMakeFiles/cmTC_63f62.dir/CheckIncludeFiles.c.o
/cm/shared/apps/gcc/4.8.1/bin/gcc   -O3 -DNDEBUG   -o CMakeFiles/cmTC_63f62.dir/CheckIncludeFiles.c.o   -c /home/nsingh/Utility/Dakota/build/CMakeFiles/CMakeTmp/CheckIncludeFiles.c
/home/nsingh/Utility/Dakota/build/CMakeFiles/CMakeTmp/CheckIncludeFiles.c:2:21: fatal error: windows.h: No such file or directory
 #include <windows.h>
                     ^
compilation terminated.
gmake[1]: *** [CMakeFiles/cmTC_63f62.dir/CheckIncludeFiles.c.o] Error 1
gmake[1]: Leaving directory `/home/nsingh/Utility/Dakota/build/CMakeFiles/CMakeTmp'
gmake: *** [cmTC_63f62/fast] Error 2

Source:
/* */
#include <windows.h>
#include <dbghelp.h>


int main(void){return 0;}

Determining if files windows.h exist failed with the following output:
Change Dir: /home/nsingh/Utility/Dakota/build/CMakeFiles/CMakeTmp

Run Build Command:"/usr/bin/gmake" "cmTC_76dab/fast"
/usr/bin/gmake -f CMakeFiles/cmTC_76dab.dir/build.make CMakeFiles/cmTC_76dab.dir/build
gmake[1]: Entering directory `/home/nsingh/Utility/Dakota/build/CMakeFiles/CMakeTmp'
Building C object CMakeFiles/cmTC_76dab.dir/CheckIncludeFiles.c.o
/cm/shared/apps/gcc/4.8.1/bin/gcc   -O3 -DNDEBUG   -o CMakeFiles/cmTC_76dab.dir/CheckIncludeFiles.c.o   -c /home/nsingh/Utility/Dakota/build/CMakeFiles/CMakeTmp/CheckIncludeFiles.c
/home/nsingh/Utility/Dakota/build/CMakeFiles/CMakeTmp/CheckIncludeFiles.c:2:21: fatal error: windows.h: No such file or directory
 #include <windows.h>
                     ^
compilation terminated.
gmake[1]: *** [CMakeFiles/cmTC_76dab.dir/CheckIncludeFiles.c.o] Error 1
gmake[1]: Leaving directory `/home/nsingh/Utility/Dakota/build/CMakeFiles/CMakeTmp'
gmake: *** [cmTC_76dab/fast] Error 2

Source:
/* */
#include <windows.h>


int main(void){return 0;}

Determining if the include file pdb.h exists failed with the following output:
Change Dir: /home/nsingh/Utility/Dakota/build/CMakeFiles/CMakeTmp

Run Build Command:"/usr/bin/gmake" "cmTC_0a31c/fast"
/usr/bin/gmake -f CMakeFiles/cmTC_0a31c.dir/build.make CMakeFiles/cmTC_0a31c.dir/build
gmake[1]: Entering directory `/home/nsingh/Utility/Dakota/build/CMakeFiles/CMakeTmp'
Building C object CMakeFiles/cmTC_0a31c.dir/CheckIncludeFile.c.o
/cm/shared/apps/gcc/4.8.1/bin/gcc   -O3 -DNDEBUG   -o CMakeFiles/cmTC_0a31c.dir/CheckIncludeFile.c.o   -c /home/nsingh/Utility/Dakota/build/CMakeFiles/CMakeTmp/CheckIncludeFile.c
/home/nsingh/Utility/Dakota/build/CMakeFiles/CMakeTmp/CheckIncludeFile.c:1:17: fatal error: pdb.h: No such file or directory
 #include <pdb.h>
                 ^
compilation terminated.
gmake[1]: *** [CMakeFiles/cmTC_0a31c.dir/CheckIncludeFile.c.o] Error 1
gmake[1]: Leaving directory `/home/nsingh/Utility/Dakota/build/CMakeFiles/CMakeTmp'
gmake: *** [cmTC_0a31c/fast] Error 2


